Dataset/Injected-Faults/PocketHub/PocketHub-Defeito-1/app/build/intermediates/manifest_merge_blame_file/debug/manifest-merger-blame-debug-report.txt
1<?xml version="1.0" encoding="utf-8"?>
2<manifest xmlns:android="http://schemas.android.com/apk/res/android"
3    package="com.github.pockethub.android.debug"
4    android:versionCode="5100"
5    android:versionName="0.5.1" >
6
7    <uses-sdk
8        android:minSdkVersion="19"
8-->src/main/AndroidManifest.xml
9        android:targetSdkVersion="28" />
9-->src/main/AndroidManifest.xml
10
11    <uses-permission android:name="android.permission.INTERNET" />
11-->src/main/AndroidManifest.xml:6:5-67
11-->src/main/AndroidManifest.xml:6:22-64
12    <uses-permission android:name="android.permission.ACCESS_NETWORK_STATE" />
12-->src/main/AndroidManifest.xml:7:5-78
12-->src/main/AndroidManifest.xml:7:22-76
13    <uses-permission android:name="android.permission.GET_ACCOUNTS" />
13-->src/main/AndroidManifest.xml:8:5-71
13-->src/main/AndroidManifest.xml:8:22-68
14    <uses-permission android:name="android.permission.MANAGE_ACCOUNTS" />
14-->src/main/AndroidManifest.xml:9:5-74
14-->src/main/AndroidManifest.xml:9:22-71
15    <uses-permission android:name="android.permission.AUTHENTICATE_ACCOUNTS" />
15-->src/main/AndroidManifest.xml:10:5-80
15-->src/main/AndroidManifest.xml:10:22-77
16    <uses-permission android:name="android.permission.READ_SYNC_SETTINGS" />
16-->src/main/AndroidManifest.xml:11:5-77
16-->src/main/AndroidManifest.xml:11:22-74
17    <uses-permission android:name="android.permission.READ_SYNC_STATS" />
17-->src/main/AndroidManifest.xml:12:5-74
17-->src/main/AndroidManifest.xml:12:22-71
18    <uses-permission android:name="android.permission.USE_CREDENTIALS" />
18-->src/main/AndroidManifest.xml:13:5-74
18-->src/main/AndroidManifest.xml:13:22-71
19    <uses-permission android:name="android.permission.WRITE_SYNC_SETTINGS" />
19-->src/main/AndroidManifest.xml:14:5-78
19-->src/main/AndroidManifest.xml:14:22-75
20    <uses-permission android:name="android.permission.READ_EXTERNAL_STORAGE" />
20-->src/main/AndroidManifest.xml:15:5-80
20-->src/main/AndroidManifest.xml:15:22-77
21    <uses-permission android:name="android.permission.BLUETOOTH" />
21-->src/main/AndroidManifest.xml:17:5-67
21-->src/main/AndroidManifest.xml:17:22-65
22    <uses-permission android:name="android.permission.BLUETOOTH_ADMIN" />
22-->src/main/AndroidManifest.xml:18:5-73
22-->src/main/AndroidManifest.xml:18:22-71
23    <uses-permission android:name="android.permission.ACCESS_FINE_LOCATION" />
23-->src/main/AndroidManifest.xml:19:5-78
23-->src/main/AndroidManifest.xml:19:22-76
24    <uses-permission android:name="android.permission.ACCESS_WIFI_STATE" />
24-->src/main/AndroidManifest.xml:20:5-75
24-->src/main/AndroidManifest.xml:20:22-73
25
26    <supports-screens
26-->src/main/AndroidManifest.xml:22:5-26:40
27        android:largeScreens="true"
27-->src/main/AndroidManifest.xml:23:9-36
28        android:normalScreens="true"
28-->src/main/AndroidManifest.xml:24:9-37
29        android:smallScreens="true"
29-->src/main/AndroidManifest.xml:25:9-36
30        android:xlargeScreens="true" />
30-->src/main/AndroidManifest.xml:26:9-37
31
32    <application
32-->src/main/AndroidManifest.xml:28:5-412:19
33        android:name="com.github.pockethub.android.PocketHub"
33-->src/main/AndroidManifest.xml:35:9-34
34        android:allowBackup="true"
34-->src/main/AndroidManifest.xml:29:9-35
35        android:appComponentFactory="androidx.core.app.CoreComponentFactory"
35-->[androidx.core:core:1.2.0] AndroidManifest.xml:24:18-86
36        android:debuggable="true"
37        android:hardwareAccelerated="false"
37-->src/main/AndroidManifest.xml:30:9-44
38        android:icon="@drawable/app_icon"
38-->src/main/AndroidManifest.xml:31:9-42
39        android:label="@string/app_name"
39-->src/main/AndroidManifest.xml:33:9-41
40        android:supportsRtl="true"
40-->src/main/AndroidManifest.xml:32:9-35
41        android:theme="@style/Theme.PocketHub"
41-->src/main/AndroidManifest.xml:34:9-47
42        android:usesCleartextTraffic="true" >
42-->src/main/AndroidManifest.xml:36:9-44
43        <activity
43-->src/main/AndroidManifest.xml:38:9-53:20
44            android:name="com.github.pockethub.android.ui.MainActivity"
44-->src/main/AndroidManifest.xml:39:13-44
45            android:configChanges="orientation|keyboardHidden|screenSize"
45-->src/main/AndroidManifest.xml:41:13-74
46            android:hardwareAccelerated="true"
46-->src/main/AndroidManifest.xml:42:13-47
47            android:theme="@style/Theme.PocketHub.NavigationDrawer" >
47-->src/main/AndroidManifest.xml:40:13-68
48            <intent-filter>
48-->src/main/AndroidManifest.xml:44:13-48:29
49                <action android:name="android.intent.action.MAIN" />
49-->src/main/AndroidManifest.xml:45:17-69
49-->src/main/AndroidManifest.xml:45:25-66
50
51                <category android:name="android.intent.category.LAUNCHER" />
51-->src/main/AndroidManifest.xml:47:17-77
51-->src/main/AndroidManifest.xml:47:27-74
52            </intent-filter>
53
54            <meta-data
54-->src/main/AndroidManifest.xml:50:13-52:89
55                android:name="android.app.default_searchable"
55-->src/main/AndroidManifest.xml:51:17-62
56                android:value="com.github.pockethub.android.ui.search.SearchActivity" />
56-->src/main/AndroidManifest.xml:52:17-86
57        </activity>
58        <activity
58-->src/main/AndroidManifest.xml:54:9-68:20
59            android:name="com.github.pockethub.android.ui.gist.CreateGistActivity"
59-->src/main/AndroidManifest.xml:55:13-55
60            android:configChanges="orientation|keyboardHidden|screenSize"
60-->src/main/AndroidManifest.xml:56:13-74
61            android:label="@string/create_gist"
61-->src/main/AndroidManifest.xml:57:13-48
62            android:parentActivityName="com.github.pockethub.android.ui.MainActivity" >
62-->src/main/AndroidManifest.xml:58:13-58
63            <meta-data
63-->src/main/AndroidManifest.xml:60:13-62:80
64                android:name="android.support.PARENT_ACTIVITY"
64-->src/main/AndroidManifest.xml:61:17-63
65                android:value="com.github.pockethub.android.ui.MainActivity" />
65-->src/main/AndroidManifest.xml:62:17-77
66
67            <intent-filter>
67-->src/main/AndroidManifest.xml:63:13-67:29
68                <action android:name="android.intent.action.SEND" />
68-->src/main/AndroidManifest.xml:64:17-69
68-->src/main/AndroidManifest.xml:64:25-66
69
70                <category android:name="android.intent.category.DEFAULT" />
70-->src/main/AndroidManifest.xml:65:17-76
70-->src/main/AndroidManifest.xml:65:27-73
71
72                <data android:mimeType="text/*" />
72-->src/main/AndroidManifest.xml:66:17-51
72-->src/main/AndroidManifest.xml:66:23-48
73            </intent-filter>
74        </activity>
75        <activity
75-->src/main/AndroidManifest.xml:69:9-79:20
76            android:name="com.github.pockethub.android.ui.notification.NotificationActivity"
76-->src/main/AndroidManifest.xml:70:13-65
77            android:configChanges="orientation|keyboardHidden|screenSize"
77-->src/main/AndroidManifest.xml:71:13-74
78            android:hardwareAccelerated="true"
78-->src/main/AndroidManifest.xml:73:13-47
79            android:parentActivityName="com.github.pockethub.android.ui.MainActivity" >
79-->src/main/AndroidManifest.xml:72:13-58
80            <meta-data
80-->src/main/AndroidManifest.xml:60:13-62:80
81                android:name="android.support.PARENT_ACTIVITY"
81-->src/main/AndroidManifest.xml:61:17-63
82                android:value="com.github.pockethub.android.ui.MainActivity" />
82-->src/main/AndroidManifest.xml:62:17-77
83        </activity>
84        <activity
84-->src/main/AndroidManifest.xml:80:9-93:20
85            android:name="com.github.pockethub.android.ui.issue.IssueBrowseActivity"
85-->src/main/AndroidManifest.xml:81:13-57
86            android:configChanges="orientation|keyboardHidden|screenSize"
86-->src/main/AndroidManifest.xml:82:13-74
87            android:hardwareAccelerated="true" >
87-->src/main/AndroidManifest.xml:83:13-47
88            <intent-filter>
88-->src/main/AndroidManifest.xml:84:13-88:29
89                <action android:name="com.github.pockethub.android.debug.repo.issues.VIEW" />
89-->src/main/AndroidManifest.xml:85:25-73
90
91                <category android:name="android.intent.category.DEFAULT" />
91-->src/main/AndroidManifest.xml:65:17-76
91-->src/main/AndroidManifest.xml:65:27-73
92            </intent-filter>
93
94            <meta-data
94-->src/main/AndroidManifest.xml:50:13-52:89
95                android:name="android.app.default_searchable"
95-->src/main/AndroidManifest.xml:51:17-62
96                android:value="com.github.pockethub.android.ui.issue.IssueSearchActivity" />
96-->src/main/AndroidManifest.xml:52:17-86
97        </activity>
98        <activity
98-->src/main/AndroidManifest.xml:94:9-102:20
99            android:name="com.github.pockethub.android.ui.issue.EditIssuesFilterActivity"
99-->src/main/AndroidManifest.xml:95:13-62
100            android:configChanges="orientation|keyboardHidden|screenSize" >
100-->src/main/AndroidManifest.xml:96:13-74
101            <intent-filter>
101-->src/main/AndroidManifest.xml:97:13-101:29
102                <action android:name="com.github.pockethub.android.debug.repo.issues.filter.VIEW" />
102-->src/main/AndroidManifest.xml:98:25-80
103
104                <category android:name="android.intent.category.DEFAULT" />
104-->src/main/AndroidManifest.xml:65:17-76
104-->src/main/AndroidManifest.xml:65:27-73
105            </intent-filter>
106        </activity>
107        <activity
107-->src/main/AndroidManifest.xml:103:9-111:20
108            android:name="com.github.pockethub.android.ui.issue.EditIssueActivity"
108-->src/main/AndroidManifest.xml:104:13-55
109            android:configChanges="orientation|keyboardHidden|screenSize" >
109-->src/main/AndroidManifest.xml:105:13-74
110            <intent-filter>
110-->src/main/AndroidManifest.xml:106:13-110:29
111                <action android:name="com.github.pockethub.android.debug.repo.issues.edit.VIEW" />
111-->src/main/AndroidManifest.xml:107:25-78
112
113                <category android:name="android.intent.category.DEFAULT" />
113-->src/main/AndroidManifest.xml:65:17-76
113-->src/main/AndroidManifest.xml:65:27-73
114            </intent-filter>
115        </activity>
116        <activity
116-->src/main/AndroidManifest.xml:112:9-125:20
117            android:name="com.github.pockethub.android.ui.search.SearchActivity"
117-->src/main/AndroidManifest.xml:113:13-53
118            android:configChanges="orientation|keyboardHidden|screenSize"
118-->src/main/AndroidManifest.xml:114:13-74
119            android:hardwareAccelerated="true"
119-->src/main/AndroidManifest.xml:115:13-47
120            android:label="@string/search_title"
120-->src/main/AndroidManifest.xml:116:13-49
121            android:launchMode="singleTop" >
121-->src/main/AndroidManifest.xml:117:13-43
122            <intent-filter>
122-->src/main/AndroidManifest.xml:118:13-120:29
123                <action android:name="android.intent.action.SEARCH" />
123-->src/main/AndroidManifest.xml:119:17-71
123-->src/main/AndroidManifest.xml:119:25-68
124            </intent-filter>
125
126            <meta-data
126-->src/main/AndroidManifest.xml:122:13-124:66
127                android:name="android.app.searchable"
127-->src/main/AndroidManifest.xml:123:17-54
128                android:resource="@xml/searchable_repos_users" />
128-->src/main/AndroidManifest.xml:124:17-63
129        </activity>
130        <activity
130-->src/main/AndroidManifest.xml:126:9-135:20
131            android:name="com.github.pockethub.android.ui.issue.FiltersViewActivity"
131-->src/main/AndroidManifest.xml:127:13-57
132            android:configChanges="orientation|keyboardHidden|screenSize"
132-->src/main/AndroidManifest.xml:128:13-74
133            android:hardwareAccelerated="true" >
133-->src/main/AndroidManifest.xml:129:13-47
134            <intent-filter>
134-->src/main/AndroidManifest.xml:130:13-134:29
135                <action android:name="com.github.pockethub.android.debug.repo.issues.filters.VIEW" />
135-->src/main/AndroidManifest.xml:131:25-81
136
137                <category android:name="android.intent.category.DEFAULT" />
137-->src/main/AndroidManifest.xml:65:17-76
137-->src/main/AndroidManifest.xml:65:27-73
138            </intent-filter>
139        </activity>
140        <activity
140-->src/main/AndroidManifest.xml:136:9-144:20
141            android:name="com.github.pockethub.android.ui.gist.GistsViewActivity"
141-->src/main/AndroidManifest.xml:137:13-54
142            android:configChanges="orientation|keyboardHidden|screenSize" >
142-->src/main/AndroidManifest.xml:138:13-74
143            <intent-filter>
143-->src/main/AndroidManifest.xml:139:13-143:29
144                <action android:name="com.github.pockethub.android.debug.gists.VIEW" />
144-->src/main/AndroidManifest.xml:140:25-67
145
146                <category android:name="android.intent.category.DEFAULT" />
146-->src/main/AndroidManifest.xml:65:17-76
146-->src/main/AndroidManifest.xml:65:27-73
147            </intent-filter>
148        </activity>
149        <activity
149-->src/main/AndroidManifest.xml:145:9-153:20
150            android:name="com.github.pockethub.android.ui.gist.GistFilesViewActivity"
150-->src/main/AndroidManifest.xml:146:13-58
151            android:configChanges="orientation|keyboardHidden|screenSize" >
151-->src/main/AndroidManifest.xml:147:13-74
152            <intent-filter>
152-->src/main/AndroidManifest.xml:148:13-152:29
153                <action android:name="com.github.pockethub.android.debug.gist.files.VIEW" />
153-->src/main/AndroidManifest.xml:149:25-72
154
155                <category android:name="android.intent.category.DEFAULT" />
155-->src/main/AndroidManifest.xml:65:17-76
155-->src/main/AndroidManifest.xml:65:27-73
156            </intent-filter>
157        </activity>
158        <activity
158-->src/main/AndroidManifest.xml:154:9-162:20
159            android:name="com.github.pockethub.android.ui.issue.CreateCommentActivity"
159-->src/main/AndroidManifest.xml:155:13-59
160            android:configChanges="orientation|keyboardHidden|screenSize" >
160-->src/main/AndroidManifest.xml:156:13-74
161            <intent-filter>
161-->src/main/AndroidManifest.xml:157:13-161:29
162                <action android:name="com.github.pockethub.android.debug.issue.comment.create.VIEW" />
162-->src/main/AndroidManifest.xml:158:25-82
163
164                <category android:name="android.intent.category.DEFAULT" />
164-->src/main/AndroidManifest.xml:65:17-76
164-->src/main/AndroidManifest.xml:65:27-73
165            </intent-filter>
166        </activity>
167        <activity
167-->src/main/AndroidManifest.xml:163:9-171:20
168            android:name="com.github.pockethub.android.ui.issue.EditCommentActivity"
168-->src/main/AndroidManifest.xml:164:13-57
169            android:configChanges="orientation|keyboardHidden|screenSize" >
169-->src/main/AndroidManifest.xml:165:13-74
170            <intent-filter>
170-->src/main/AndroidManifest.xml:166:13-170:29
171                <action android:name="com.github.pockethub.android.debug.issue.comment.edit.VIEW" />
171-->src/main/AndroidManifest.xml:167:25-80
172
173                <category android:name="android.intent.category.DEFAULT" />
173-->src/main/AndroidManifest.xml:65:17-76
173-->src/main/AndroidManifest.xml:65:27-73
174            </intent-filter>
175        </activity>
176        <activity
176-->src/main/AndroidManifest.xml:172:9-180:20
177            android:name="com.github.pockethub.android.ui.gist.CreateCommentActivity"
177-->src/main/AndroidManifest.xml:173:13-58
178            android:configChanges="orientation|keyboardHidden|screenSize" >
178-->src/main/AndroidManifest.xml:174:13-74
179            <intent-filter>
179-->src/main/AndroidManifest.xml:175:13-179:29
180                <action android:name="com.github.pockethub.android.debug.gist.comment.create.VIEW" />
180-->src/main/AndroidManifest.xml:176:25-81
181
182                <category android:name="android.intent.category.DEFAULT" />
182-->src/main/AndroidManifest.xml:65:17-76
182-->src/main/AndroidManifest.xml:65:27-73
183            </intent-filter>
184        </activity>
185        <activity
185-->src/main/AndroidManifest.xml:181:9-189:20
186            android:name="com.github.pockethub.android.ui.gist.EditCommentActivity"
186-->src/main/AndroidManifest.xml:182:13-56
187            android:configChanges="orientation|keyboardHidden|screenSize" >
187-->src/main/AndroidManifest.xml:183:13-74
188            <intent-filter>
188-->src/main/AndroidManifest.xml:184:13-188:29
189                <action android:name="com.github.pockethub.android.debug.gist.comment.edit.VIEW" />
189-->src/main/AndroidManifest.xml:185:25-79
190
191                <category android:name="android.intent.category.DEFAULT" />
191-->src/main/AndroidManifest.xml:65:17-76
191-->src/main/AndroidManifest.xml:65:27-73
192            </intent-filter>
193        </activity>
194        <activity
194-->src/main/AndroidManifest.xml:190:9-198:20
195            android:name="com.github.pockethub.android.ui.commit.CreateCommentActivity"
195-->src/main/AndroidManifest.xml:191:13-60
196            android:configChanges="orientation|keyboardHidden|screenSize" >
196-->src/main/AndroidManifest.xml:192:13-74
197            <intent-filter>
197-->src/main/AndroidManifest.xml:193:13-197:29
198                <action android:name="com.github.pockethub.android.debug.commit.comment.create.VIEW" />
198-->src/main/AndroidManifest.xml:194:25-83
199
200                <category android:name="android.intent.category.DEFAULT" />
200-->src/main/AndroidManifest.xml:65:17-76
200-->src/main/AndroidManifest.xml:65:27-73
201            </intent-filter>
202        </activity>
203        <activity
203-->src/main/AndroidManifest.xml:199:9-212:20
204            android:name="com.github.pockethub.android.ui.repo.RepositoryViewActivity"
204-->src/main/AndroidManifest.xml:200:13-59
205            android:configChanges="orientation|keyboardHidden|screenSize"
205-->src/main/AndroidManifest.xml:201:13-74
206            android:hardwareAccelerated="true" >
206-->src/main/AndroidManifest.xml:202:13-47
207            <intent-filter>
207-->src/main/AndroidManifest.xml:203:13-207:29
208                <action android:name="com.github.pockethub.android.debug.repo.VIEW" />
208-->src/main/AndroidManifest.xml:204:25-66
209
210                <category android:name="android.intent.category.DEFAULT" />
210-->src/main/AndroidManifest.xml:65:17-76
210-->src/main/AndroidManifest.xml:65:27-73
211            </intent-filter>
212
213            <meta-data
213-->src/main/AndroidManifest.xml:50:13-52:89
214                android:name="android.app.default_searchable"
214-->src/main/AndroidManifest.xml:51:17-62
215                android:value="com.github.pockethub.android.ui.issue.IssueSearchActivity" />
215-->src/main/AndroidManifest.xml:52:17-86
216        </activity>
217        <activity
217-->src/main/AndroidManifest.xml:213:9-222:20
218            android:name="com.github.pockethub.android.ui.repo.RepositoryContributorsActivity"
218-->src/main/AndroidManifest.xml:214:13-67
219            android:configChanges="orientation|keyboardHidden|screenSize"
219-->src/main/AndroidManifest.xml:215:13-74
220            android:hardwareAccelerated="true" >
220-->src/main/AndroidManifest.xml:216:13-47
221            <intent-filter>
221-->src/main/AndroidManifest.xml:217:13-221:29
222                <action android:name="com.github.pockethub.android.debug.repo.contributors.VIEW" />
222-->src/main/AndroidManifest.xml:218:25-79
223
224                <category android:name="android.intent.category.DEFAULT" />
224-->src/main/AndroidManifest.xml:65:17-76
224-->src/main/AndroidManifest.xml:65:27-73
225            </intent-filter>
226        </activity>
227        <activity
227-->src/main/AndroidManifest.xml:223:9-232:20
228            android:name="com.github.pockethub.android.ui.user.UserViewActivity"
228-->src/main/AndroidManifest.xml:224:13-53
229            android:configChanges="orientation|keyboardHidden|screenSize"
229-->src/main/AndroidManifest.xml:225:13-74
230            android:hardwareAccelerated="true" >
230-->src/main/AndroidManifest.xml:226:13-47
231            <intent-filter>
231-->src/main/AndroidManifest.xml:227:13-231:29
232                <action android:name="com.github.pockethub.android.debug.user.VIEW" />
232-->src/main/AndroidManifest.xml:228:25-66
233
234                <category android:name="android.intent.category.DEFAULT" />
234-->src/main/AndroidManifest.xml:65:17-76
234-->src/main/AndroidManifest.xml:65:27-73
235            </intent-filter>
236        </activity>
237        <activity
237-->src/main/AndroidManifest.xml:233:9-241:20
238            android:name="com.github.pockethub.android.ui.issue.IssuesViewActivity"
238-->src/main/AndroidManifest.xml:234:13-56
239            android:configChanges="orientation|keyboardHidden|screenSize" >
239-->src/main/AndroidManifest.xml:235:13-74
240            <intent-filter>
240-->src/main/AndroidManifest.xml:236:13-240:29
241                <action android:name="com.github.pockethub.android.debug.issues.VIEW" />
241-->src/main/AndroidManifest.xml:237:25-68
242
243                <category android:name="android.intent.category.DEFAULT" />
243-->src/main/AndroidManifest.xml:65:17-76
243-->src/main/AndroidManifest.xml:65:27-73
244            </intent-filter>
245        </activity>
246
247        <service
247-->src/main/AndroidManifest.xml:243:9-254:19
248            android:name="com.github.pockethub.android.accounts.AccountAuthenticatorService"
248-->src/main/AndroidManifest.xml:244:13-65
249            android:exported="false"
249-->src/main/AndroidManifest.xml:245:13-37
250            android:process=":auth" >
250-->src/main/AndroidManifest.xml:246:13-36
251            <intent-filter>
251-->src/main/AndroidManifest.xml:247:13-249:29
252                <action android:name="android.accounts.AccountAuthenticator" />
252-->src/main/AndroidManifest.xml:248:17-80
252-->src/main/AndroidManifest.xml:248:25-77
253            </intent-filter>
254
255            <meta-data
255-->src/main/AndroidManifest.xml:251:13-253:57
256                android:name="android.accounts.AccountAuthenticator"
256-->src/main/AndroidManifest.xml:252:17-69
257                android:resource="@xml/authenticator" />
257-->src/main/AndroidManifest.xml:253:17-54
258        </service>
259
260        <activity
260-->src/main/AndroidManifest.xml:256:9-270:20
261            android:name="com.github.pockethub.android.accounts.LoginActivity"
261-->src/main/AndroidManifest.xml:257:13-51
262            android:configChanges="orientation|keyboardHidden|screenSize"
262-->src/main/AndroidManifest.xml:258:13-74
263            android:launchMode="singleTop" >
263-->src/main/AndroidManifest.xml:259:13-43
264            <intent-filter>
264-->src/main/AndroidManifest.xml:261:13-268:29
265                <action android:name="android.intent.action.VIEW" />
265-->src/main/AndroidManifest.xml:262:17-69
265-->src/main/AndroidManifest.xml:262:25-66
266
267                <data android:scheme="@string/github_oauth_scheme" />
267-->src/main/AndroidManifest.xml:66:17-51
267-->src/main/AndroidManifest.xml:264:23-67
268
269                <category android:name="android.intent.category.DEFAULT" />
269-->src/main/AndroidManifest.xml:65:17-76
269-->src/main/AndroidManifest.xml:65:27-73
270                <category android:name="android.intent.category.BROWSABLE" />
270-->src/main/AndroidManifest.xml:267:17-78
270-->src/main/AndroidManifest.xml:267:27-75
271            </intent-filter>
272        </activity>
273        <activity
273-->src/main/AndroidManifest.xml:272:9-312:20
274            android:name="com.github.pockethub.android.ui.user.UriLauncherActivity"
274-->src/main/AndroidManifest.xml:273:13-56
275            android:configChanges="orientation|keyboardHidden|screenSize"
275-->src/main/AndroidManifest.xml:274:13-74
276            android:excludeFromRecents="true" >
276-->src/main/AndroidManifest.xml:275:13-46
277            <intent-filter>
277-->src/main/AndroidManifest.xml:276:13-284:29
278                <action android:name="android.intent.action.VIEW" />
278-->src/main/AndroidManifest.xml:262:17-69
278-->src/main/AndroidManifest.xml:262:25-66
279
280                <category android:name="android.intent.category.BROWSABLE" />
280-->src/main/AndroidManifest.xml:267:17-78
280-->src/main/AndroidManifest.xml:267:27-75
281                <category android:name="android.intent.category.DEFAULT" />
281-->src/main/AndroidManifest.xml:65:17-76
281-->src/main/AndroidManifest.xml:65:27-73
282
283                <data
283-->src/main/AndroidManifest.xml:66:17-51
284                    android:host="github.com"
284-->src/main/AndroidManifest.xml:282:21-46
285                    android:scheme="http" />
285-->src/main/AndroidManifest.xml:264:23-67
286            </intent-filter>
287            <intent-filter>
287-->src/main/AndroidManifest.xml:285:13-293:29
288                <action android:name="android.intent.action.VIEW" />
288-->src/main/AndroidManifest.xml:262:17-69
288-->src/main/AndroidManifest.xml:262:25-66
289
290                <category android:name="android.intent.category.BROWSABLE" />
290-->src/main/AndroidManifest.xml:267:17-78
290-->src/main/AndroidManifest.xml:267:27-75
291                <category android:name="android.intent.category.DEFAULT" />
291-->src/main/AndroidManifest.xml:65:17-76
291-->src/main/AndroidManifest.xml:65:27-73
292
293                <data
293-->src/main/AndroidManifest.xml:66:17-51
294                    android:host="github.com"
294-->src/main/AndroidManifest.xml:282:21-46
295                    android:scheme="https" />
295-->src/main/AndroidManifest.xml:264:23-67
296            </intent-filter>
297            <intent-filter>
297-->src/main/AndroidManifest.xml:294:13-302:29
298                <action android:name="android.intent.action.VIEW" />
298-->src/main/AndroidManifest.xml:262:17-69
298-->src/main/AndroidManifest.xml:262:25-66
299
300                <category android:name="android.intent.category.BROWSABLE" />
300-->src/main/AndroidManifest.xml:267:17-78
300-->src/main/AndroidManifest.xml:267:27-75
301                <category android:name="android.intent.category.DEFAULT" />
301-->src/main/AndroidManifest.xml:65:17-76
301-->src/main/AndroidManifest.xml:65:27-73
302
303                <data
303-->src/main/AndroidManifest.xml:66:17-51
304                    android:host="gist.github.com"
304-->src/main/AndroidManifest.xml:282:21-46
305                    android:scheme="http" />
305-->src/main/AndroidManifest.xml:264:23-67
306            </intent-filter>
307            <intent-filter>
307-->src/main/AndroidManifest.xml:303:13-311:29
308                <action android:name="android.intent.action.VIEW" />
308-->src/main/AndroidManifest.xml:262:17-69
308-->src/main/AndroidManifest.xml:262:25-66
309
310                <category android:name="android.intent.category.BROWSABLE" />
310-->src/main/AndroidManifest.xml:267:17-78
310-->src/main/AndroidManifest.xml:267:27-75
311                <category android:name="android.intent.category.DEFAULT" />
311-->src/main/AndroidManifest.xml:65:17-76
311-->src/main/AndroidManifest.xml:65:27-73
312
313                <data
313-->src/main/AndroidManifest.xml:66:17-51
314                    android:host="gist.github.com"
314-->src/main/AndroidManifest.xml:282:21-46
315                    android:scheme="https" />
315-->src/main/AndroidManifest.xml:264:23-67
316            </intent-filter>
317        </activity>
318        <activity
318-->src/main/AndroidManifest.xml:313:9-326:20
319            android:name="com.github.pockethub.android.ui.issue.IssueSearchActivity"
319-->src/main/AndroidManifest.xml:314:13-57
320            android:configChanges="orientation|keyboardHidden|screenSize"
320-->src/main/AndroidManifest.xml:315:13-74
321            android:hardwareAccelerated="true"
321-->src/main/AndroidManifest.xml:316:13-47
322            android:label="@string/search_title"
322-->src/main/AndroidManifest.xml:317:13-49
323            android:launchMode="singleTop" >
323-->src/main/AndroidManifest.xml:318:13-43
324            <intent-filter>
324-->src/main/AndroidManifest.xml:118:13-120:29
325                <action android:name="android.intent.action.SEARCH" />
325-->src/main/AndroidManifest.xml:119:17-71
325-->src/main/AndroidManifest.xml:119:25-68
326            </intent-filter>
327
328            <meta-data
328-->src/main/AndroidManifest.xml:122:13-124:66
329                android:name="android.app.searchable"
329-->src/main/AndroidManifest.xml:123:17-54
330                android:resource="@xml/searchable_issues" />
330-->src/main/AndroidManifest.xml:124:17-63
331        </activity>
332        <activity
332-->src/main/AndroidManifest.xml:327:9-336:20
333            android:name="com.github.pockethub.android.ui.commit.CommitCompareViewActivity"
333-->src/main/AndroidManifest.xml:328:13-64
334            android:configChanges="orientation|keyboardHidden|screenSize"
334-->src/main/AndroidManifest.xml:329:13-74
335            android:label="@string/commit_compare_title" >
335-->src/main/AndroidManifest.xml:330:13-57
336            <intent-filter>
336-->src/main/AndroidManifest.xml:331:13-335:29
337                <action android:name="com.github.pockethub.android.debug.commits.compare.VIEW" />
337-->src/main/AndroidManifest.xml:332:25-77
338
339                <category android:name="android.intent.category.DEFAULT" />
339-->src/main/AndroidManifest.xml:65:17-76
339-->src/main/AndroidManifest.xml:65:27-73
340            </intent-filter>
341        </activity>
342        <activity
342-->src/main/AndroidManifest.xml:337:9-345:20
343            android:name="com.github.pockethub.android.ui.commit.CommitViewActivity"
343-->src/main/AndroidManifest.xml:338:13-57